<?xml version="1.0" encoding="UTF-8"?>
<!-- Generated by org.testng.reporters.JUnitReportReporter -->
<testsuite hostname="onyx.boisestate.edu" failures="0" tests="3" name="TestNGSimpleTest" time="0.006" errors="0" timestamp="3 Sep 2019 15:14:57 GMT">
  <testcase classname="TestNGSimpleTest" name="testDataProvider" time="0.001"/>
  <testcase classname="TestNGSimpleTest" name="testString" time="0.000"/>
  <testcase classname="TestNGSimpleTest" name="testDataProvider" time="0.005"/>
</testsuite>
